[0319/055209.555:ERROR:process_reader_win.cc(151)] SuspendThread: Access is denied. (0x5)
[0319/055209.555:ERROR:process_reader_win.cc(151)] SuspendThread: Access is denied. (0x5)
[0319/055209.555:ERROR:process_reader_win.cc(123)] NtOpenThread: {Access Denied} A process has requested access to an object, but has not been granted those access rights. (0xc0000022)
[0319/055209.559:ERROR:exception_snapshot_win.cc(98)] thread ID 18504 not found in process
[0319/055209.574:ERROR:process_reader_win.cc(151)] SuspendThread: Access is denied. (0x5)
[0319/055209.574:ERROR:process_reader_win.cc(151)] SuspendThread: Access is denied. (0x5)
[0319/055209.574:ERROR:process_reader_win.cc(151)] SuspendThread: Access is denied. (0x5)
[0319/055209.574:ERROR:process_reader_win.cc(151)] SuspendThread: Access is denied. (0x5)
[0319/055209.574:ERROR:process_reader_win.cc(151)] SuspendThread: Access is denied. (0x5)
[0319/055209.574:ERROR:process_reader_win.cc(151)] SuspendThread: Access is denied. (0x5)
[0319/055209.574:ERROR:process_reader_win.cc(151)] SuspendThread: Access is denied. (0x5)
[0319/055209.574:ERROR:process_reader_win.cc(151)] SuspendThread: Access is denied. (0x5)
[0319/055209.574:ERROR:process_reader_win.cc(151)] SuspendThread: Access is denied. (0x5)
[0319/055209.574:ERROR:process_reader_win.cc(151)] SuspendThread: Access is denied. (0x5)
[0319/055209.574:ERROR:process_reader_win.cc(151)] SuspendThread: Access is denied. (0x5)
[0319/055209.574:ERROR:process_reader_win.cc(151)] SuspendThread: Access is denied. (0x5)
[0319/055209.574:ERROR:process_reader_win.cc(151)] SuspendThread: Access is denied. (0x5)
[0319/055209.574:ERROR:process_reader_win.cc(151)] SuspendThread: Access is denied. (0x5)
[0319/055209.574:ERROR:process_reader_win.cc(151)] SuspendThread: Access is denied. (0x5)
[0319/055209.574:ERROR:process_reader_win.cc(151)] SuspendThread: Access is denied. (0x5)
[0319/055209.574:ERROR:process_reader_win.cc(151)] SuspendThread: Access is denied. (0x5)
[0319/055209.574:ERROR:process_reader_win.cc(123)] NtOpenThread: {Access Denied} A process has requested access to an object, but has not been granted those access rights. (0xc0000022)
[0319/055209.574:ERROR:exception_snapshot_win.cc(98)] thread ID 19464 not found in process
[0319/055209.590:ERROR:process_reader_win.cc(151)] SuspendThread: Access is denied. (0x5)
[0319/055209.590:ERROR:process_reader_win.cc(151)] SuspendThread: Access is denied. (0x5)
[0319/055209.590:ERROR:process_reader_win.cc(151)] SuspendThread: Access is denied. (0x5)
[0319/055209.590:ERROR:process_reader_win.cc(151)] SuspendThread: Access is denied. (0x5)
[0319/055209.590:ERROR:process_reader_win.cc(151)] SuspendThread: Access is denied. (0x5)
[0319/055209.590:ERROR:process_reader_win.cc(151)] SuspendThread: Access is denied. (0x5)
[0319/055209.590:ERROR:process_reader_win.cc(151)] SuspendThread: Access is denied. (0x5)
[0319/055209.590:ERROR:process_reader_win.cc(151)] SuspendThread: Access is denied. (0x5)
[0319/055209.590:ERROR:process_reader_win.cc(151)] SuspendThread: Access is denied. (0x5)
[0319/055209.590:ERROR:process_reader_win.cc(151)] SuspendThread: Access is denied. (0x5)
[0319/055209.590:ERROR:process_reader_win.cc(151)] SuspendThread: Access is denied. (0x5)
[0319/055209.590:ERROR:process_reader_win.cc(151)] SuspendThread: Access is denied. (0x5)
[0319/055209.590:ERROR:process_reader_win.cc(151)] SuspendThread: Access is denied. (0x5)
[0319/055209.590:ERROR:process_reader_win.cc(151)] SuspendThread: Access is denied. (0x5)
[0319/055209.590:ERROR:process_reader_win.cc(151)] SuspendThread: Access is denied. (0x5)
[0319/055209.590:ERROR:process_reader_win.cc(151)] SuspendThread: Access is denied. (0x5)
[0319/055209.590:ERROR:process_reader_win.cc(151)] SuspendThread: Access is denied. (0x5)
[0319/055209.590:ERROR:process_reader_win.cc(123)] NtOpenThread: {Access Denied} A process has requested access to an object, but has not been granted those access rights. (0xc0000022)
[0319/055209.590:ERROR:exception_snapshot_win.cc(98)] thread ID 19980 not found in process
[0319/055209.605:ERROR:process_reader_win.cc(151)] SuspendThread: Access is denied. (0x5)
[0319/055209.605:ERROR:process_reader_win.cc(151)] SuspendThread: Access is denied. (0x5)
[0319/055209.605:ERROR:process_reader_win.cc(151)] SuspendThread: Access is denied. (0x5)
[0319/055209.605:ERROR:process_reader_win.cc(151)] SuspendThread: Access is denied. (0x5)
[0319/055209.605:ERROR:process_reader_win.cc(151)] SuspendThread: Access is denied. (0x5)
[0319/055209.605:ERROR:process_reader_win.cc(151)] SuspendThread: Access is denied. (0x5)
[0319/055209.605:ERROR:process_reader_win.cc(151)] SuspendThread: Access is denied. (0x5)
[0319/055209.605:ERROR:process_reader_win.cc(151)] SuspendThread: Access is denied. (0x5)
[0319/055209.605:ERROR:process_reader_win.cc(151)] SuspendThread: Access is denied. (0x5)
[0319/055209.605:ERROR:process_reader_win.cc(151)] SuspendThread: Access is denied. (0x5)
[0319/055209.605:ERROR:process_reader_win.cc(151)] SuspendThread: Access is denied. (0x5)
[0319/055209.605:ERROR:process_reader_win.cc(151)] SuspendThread: Access is denied. (0x5)
[0319/055209.605:ERROR:process_reader_win.cc(151)] SuspendThread: Access is denied. (0x5)
[0319/055209.605:ERROR:process_reader_win.cc(151)] SuspendThread: Access is denied. (0x5)
[0319/055209.605:ERROR:process_reader_win.cc(151)] SuspendThread: Access is denied. (0x5)
[0319/055209.605:ERROR:process_reader_win.cc(151)] SuspendThread: Access is denied. (0x5)
[0319/055209.605:ERROR:process_reader_win.cc(151)] SuspendThread: Access is denied. (0x5)
[0319/055209.605:ERROR:process_reader_win.cc(123)] NtOpenThread: {Access Denied} A process has requested access to an object, but has not been granted those access rights. (0xc0000022)
[0319/055209.605:ERROR:exception_snapshot_win.cc(98)] thread ID 19560 not found in process
[0319/055209.617:ERROR:process_reader_win.cc(151)] SuspendThread: Access is denied. (0x5)
[0319/055209.617:ERROR:process_reader_win.cc(151)] SuspendThread: Access is denied. (0x5)
[0319/055209.617:ERROR:process_reader_win.cc(151)] SuspendThread: Access is denied. (0x5)
[0319/055209.617:ERROR:process_reader_win.cc(151)] SuspendThread: Access is denied. (0x5)
[0319/055209.621:ERROR:process_reader_win.cc(151)] SuspendThread: Access is denied. (0x5)
[0319/055209.621:ERROR:process_reader_win.cc(151)] SuspendThread: Access is denied. (0x5)
[0319/055209.621:ERROR:process_reader_win.cc(151)] SuspendThread: Access is denied. (0x5)
[0319/055209.621:ERROR:process_reader_win.cc(151)] SuspendThread: Access is denied. (0x5)
[0319/055209.621:ERROR:process_reader_win.cc(151)] SuspendThread: Access is denied. (0x5)
[0319/055209.621:ERROR:process_reader_win.cc(151)] SuspendThread: Access is denied. (0x5)
[0319/055209.621:ERROR:process_reader_win.cc(151)] SuspendThread: Access is denied. (0x5)
[0319/055209.621:ERROR:process_reader_win.cc(151)] SuspendThread: Access is denied. (0x5)
[0319/055209.621:ERROR:process_reader_win.cc(151)] SuspendThread: Access is denied. (0x5)
[0319/055209.621:ERROR:process_reader_win.cc(151)] SuspendThread: Access is denied. (0x5)
[0319/055209.621:ERROR:process_reader_win.cc(151)] SuspendThread: Access is denied. (0x5)
[0319/055209.621:ERROR:process_reader_win.cc(151)] SuspendThread: Access is denied. (0x5)
[0319/055209.621:ERROR:process_reader_win.cc(151)] SuspendThread: Access is denied. (0x5)
[0319/055209.621:ERROR:process_reader_win.cc(123)] NtOpenThread: {Access Denied} A process has requested access to an object, but has not been granted those access rights. (0xc0000022)
[0319/055209.621:ERROR:exception_snapshot_win.cc(98)] thread ID 17352 not found in process
[0319/055209.633:ERROR:process_reader_win.cc(151)] SuspendThread: Access is denied. (0x5)
[0319/055209.633:ERROR:process_reader_win.cc(151)] SuspendThread: Access is denied. (0x5)
[0319/055209.633:ERROR:process_reader_win.cc(151)] SuspendThread: Access is denied. (0x5)
[0319/055209.633:ERROR:process_reader_win.cc(151)] SuspendThread: Access is denied. (0x5)
[0319/055209.633:ERROR:process_reader_win.cc(151)] SuspendThread: Access is denied. (0x5)
[0319/055209.633:ERROR:process_reader_win.cc(151)] SuspendThread: Access is denied. (0x5)
[0319/055209.633:ERROR:process_reader_win.cc(151)] SuspendThread: Access is denied. (0x5)
[0319/055209.633:ERROR:process_reader_win.cc(151)] SuspendThread: Access is denied. (0x5)
[0319/055209.633:ERROR:process_reader_win.cc(151)] SuspendThread: Access is denied. (0x5)
[0319/055209.633:ERROR:process_reader_win.cc(151)] SuspendThread: Access is denied. (0x5)
[0319/055209.633:ERROR:process_reader_win.cc(151)] SuspendThread: Access is denied. (0x5)
[0319/055209.633:ERROR:process_reader_win.cc(151)] SuspendThread: Access is denied. (0x5)
[0319/055209.633:ERROR:process_reader_win.cc(151)] SuspendThread: Access is denied. (0x5)
[0319/055209.633:ERROR:process_reader_win.cc(151)] SuspendThread: Access is denied. (0x5)
[0319/055209.633:ERROR:process_reader_win.cc(151)] SuspendThread: Access is denied. (0x5)
[0319/055209.633:ERROR:process_reader_win.cc(151)] SuspendThread: Access is denied. (0x5)
[0319/055209.633:ERROR:process_reader_win.cc(123)] NtOpenThread: {Access Denied} A process has requested access to an object, but has not been granted those access rights. (0xc0000022)
[0319/055209.633:ERROR:exception_snapshot_win.cc(98)] thread ID 13412 not found in process
[0319/055209.648:ERROR:process_reader_win.cc(151)] SuspendThread: Access is denied. (0x5)
[0319/055209.648:ERROR:process_reader_win.cc(151)] SuspendThread: Access is denied. (0x5)
[0319/055209.648:ERROR:process_reader_win.cc(151)] SuspendThread: Access is denied. (0x5)
[0319/055209.648:ERROR:process_reader_win.cc(151)] SuspendThread: Access is denied. (0x5)
[0319/055209.648:ERROR:process_reader_win.cc(151)] SuspendThread: Access is denied. (0x5)
[0319/055209.648:ERROR:process_reader_win.cc(151)] SuspendThread: Access is denied. (0x5)
[0319/055209.648:ERROR:process_reader_win.cc(151)] SuspendThread: Access is denied. (0x5)
[0319/055209.648:ERROR:process_reader_win.cc(151)] SuspendThread: Access is denied. (0x5)
[0319/055209.648:ERROR:process_reader_win.cc(151)] SuspendThread: Access is denied. (0x5)
[0319/055209.648:ERROR:process_reader_win.cc(151)] SuspendThread: Access is denied. (0x5)
[0319/055209.648:ERROR:process_reader_win.cc(151)] SuspendThread: Access is denied. (0x5)
[0319/055209.648:ERROR:process_reader_win.cc(151)] SuspendThread: Access is denied. (0x5)
[0319/055209.648:ERROR:process_reader_win.cc(151)] SuspendThread: Access is denied. (0x5)
[0319/055209.648:ERROR:process_reader_win.cc(151)] SuspendThread: Access is denied. (0x5)
[0319/055209.648:ERROR:process_reader_win.cc(151)] SuspendThread: Access is denied. (0x5)
[0319/055209.648:ERROR:process_reader_win.cc(151)] SuspendThread: Access is denied. (0x5)
[0319/055209.648:ERROR:process_reader_win.cc(151)] SuspendThread: Access is denied. (0x5)
[0319/055209.648:ERROR:process_reader_win.cc(123)] NtOpenThread: {Access Denied} A process has requested access to an object, but has not been granted those access rights. (0xc0000022)
[0319/055209.648:ERROR:exception_snapshot_win.cc(98)] thread ID 21020 not found in process
[0319/055209.664:ERROR:process_reader_win.cc(151)] SuspendThread: Access is denied. (0x5)
[0319/055209.664:ERROR:process_reader_win.cc(151)] SuspendThread: Access is denied. (0x5)
[0319/055209.664:ERROR:process_reader_win.cc(151)] SuspendThread: Access is denied. (0x5)
[0319/055209.664:ERROR:process_reader_win.cc(151)] SuspendThread: Access is denied. (0x5)
[0319/055209.664:ERROR:process_reader_win.cc(151)] SuspendThread: Access is denied. (0x5)
[0319/055209.664:ERROR:process_reader_win.cc(151)] SuspendThread: Access is denied. (0x5)
[0319/055209.668:ERROR:process_reader_win.cc(151)] SuspendThread: Access is denied. (0x5)
[0319/055209.668:ERROR:process_reader_win.cc(151)] SuspendThread: Access is denied. (0x5)
[0319/055209.668:ERROR:process_reader_win.cc(151)] SuspendThread: Access is denied. (0x5)
[0319/055209.668:ERROR:process_reader_win.cc(151)] SuspendThread: Access is denied. (0x5)
[0319/055209.668:ERROR:process_reader_win.cc(151)] SuspendThread: Access is denied. (0x5)
[0319/055209.668:ERROR:process_reader_win.cc(151)] SuspendThread: Access is denied. (0x5)
[0319/055209.668:ERROR:process_reader_win.cc(151)] SuspendThread: Access is denied. (0x5)
[0319/055209.668:ERROR:process_reader_win.cc(151)] SuspendThread: Access is denied. (0x5)
[0319/055209.668:ERROR:process_reader_win.cc(123)] NtOpenThread: {Access Denied} A process has requested access to an object, but has not been granted those access rights. (0xc0000022)
[0319/055209.668:ERROR:exception_snapshot_win.cc(98)] thread ID 8876 not found in process
[0319/055209.680:ERROR:process_reader_win.cc(151)] SuspendThread: Access is denied. (0x5)
[0319/055209.680:ERROR:process_reader_win.cc(151)] SuspendThread: Access is denied. (0x5)
[0319/055209.680:ERROR:process_reader_win.cc(151)] SuspendThread: Access is denied. (0x5)
[0319/055209.680:ERROR:process_reader_win.cc(151)] SuspendThread: Access is denied. (0x5)
[0319/055209.680:ERROR:process_reader_win.cc(151)] SuspendThread: Access is denied. (0x5)
[0319/055209.680:ERROR:process_reader_win.cc(151)] SuspendThread: Access is denied. (0x5)
[0319/055209.680:ERROR:process_reader_win.cc(151)] SuspendThread: Access is denied. (0x5)
[0319/055209.680:ERROR:process_reader_win.cc(151)] SuspendThread: Access is denied. (0x5)
[0319/055209.680:ERROR:process_reader_win.cc(151)] SuspendThread: Access is denied. (0x5)
[0319/055209.680:ERROR:process_reader_win.cc(151)] SuspendThread: Access is denied. (0x5)
[0319/055209.680:ERROR:process_reader_win.cc(151)] SuspendThread: Access is denied. (0x5)
[0319/055209.680:ERROR:process_reader_win.cc(151)] SuspendThread: Access is denied. (0x5)
[0319/055209.680:ERROR:process_reader_win.cc(151)] SuspendThread: Access is denied. (0x5)
[0319/055209.680:ERROR:process_reader_win.cc(151)] SuspendThread: Access is denied. (0x5)
[0319/055209.680:ERROR:process_reader_win.cc(123)] NtOpenThread: {Access Denied} A process has requested access to an object, but has not been granted those access rights. (0xc0000022)
[0319/055209.680:ERROR:exception_snapshot_win.cc(98)] thread ID 17652 not found in process
[0319/055209.691:ERROR:process_reader_win.cc(151)] SuspendThread: Access is denied. (0x5)
[0319/055209.691:ERROR:process_reader_win.cc(151)] SuspendThread: Access is denied. (0x5)
[0319/055209.691:ERROR:process_reader_win.cc(151)] SuspendThread: Access is denied. (0x5)
[0319/055209.691:ERROR:process_reader_win.cc(151)] SuspendThread: Access is denied. (0x5)
[0319/055209.691:ERROR:process_reader_win.cc(151)] SuspendThread: Access is denied. (0x5)
[0319/055209.691:ERROR:process_reader_win.cc(151)] SuspendThread: Access is denied. (0x5)
[0319/055209.691:ERROR:process_reader_win.cc(151)] SuspendThread: Access is denied. (0x5)
[0319/055209.695:ERROR:process_reader_win.cc(151)] SuspendThread: Access is denied. (0x5)
[0319/055209.695:ERROR:process_reader_win.cc(151)] SuspendThread: Access is denied. (0x5)
[0319/055209.695:ERROR:process_reader_win.cc(151)] SuspendThread: Access is denied. (0x5)
[0319/055209.695:ERROR:process_reader_win.cc(151)] SuspendThread: Access is denied. (0x5)
[0319/055209.695:ERROR:process_reader_win.cc(151)] SuspendThread: Access is denied. (0x5)
[0319/055209.695:ERROR:process_reader_win.cc(151)] SuspendThread: Access is denied. (0x5)
[0319/055209.695:ERROR:process_reader_win.cc(151)] SuspendThread: Access is denied. (0x5)
[0319/055209.695:ERROR:process_reader_win.cc(123)] NtOpenThread: {Access Denied} A process has requested access to an object, but has not been granted those access rights. (0xc0000022)
[0319/055209.695:ERROR:exception_snapshot_win.cc(98)] thread ID 20068 not found in process
[0319/055209.707:ERROR:process_reader_win.cc(151)] SuspendThread: Access is denied. (0x5)
[0319/055209.707:ERROR:process_reader_win.cc(151)] SuspendThread: Access is denied. (0x5)
[0319/055209.707:ERROR:process_reader_win.cc(151)] SuspendThread: Access is denied. (0x5)
[0319/055209.707:ERROR:process_reader_win.cc(151)] SuspendThread: Access is denied. (0x5)
[0319/055209.707:ERROR:process_reader_win.cc(151)] SuspendThread: Access is denied. (0x5)
[0319/055209.707:ERROR:process_reader_win.cc(151)] SuspendThread: Access is denied. (0x5)
[0319/055209.707:ERROR:process_reader_win.cc(151)] SuspendThread: Access is denied. (0x5)
[0319/055209.707:ERROR:process_reader_win.cc(151)] SuspendThread: Access is denied. (0x5)
[0319/055209.707:ERROR:process_reader_win.cc(151)] SuspendThread: Access is denied. (0x5)
[0319/055209.707:ERROR:process_reader_win.cc(151)] SuspendThread: Access is denied. (0x5)
[0319/055209.707:ERROR:process_reader_win.cc(151)] SuspendThread: Access is denied. (0x5)
[0319/055209.707:ERROR:process_reader_win.cc(151)] SuspendThread: Access is denied. (0x5)
[0319/055209.707:ERROR:process_reader_win.cc(151)] SuspendThread: Access is denied. (0x5)
[0319/055209.707:ERROR:process_reader_win.cc(151)] SuspendThread: Access is denied. (0x5)
[0319/055209.707:ERROR:process_reader_win.cc(151)] SuspendThread: Access is denied. (0x5)
[0319/055209.707:ERROR:process_reader_win.cc(151)] SuspendThread: Access is denied. (0x5)
[0319/055209.707:ERROR:process_reader_win.cc(123)] NtOpenThread: {Access Denied} A process has requested access to an object, but has not been granted those access rights. (0xc0000022)
[0319/055209.707:ERROR:exception_snapshot_win.cc(98)] thread ID 600 not found in process
[0319/055209.723:ERROR:process_reader_win.cc(151)] SuspendThread: Access is denied. (0x5)
[0319/055209.723:ERROR:process_reader_win.cc(151)] SuspendThread: Access is denied. (0x5)
[0319/055209.723:ERROR:process_reader_win.cc(151)] SuspendThread: Access is denied. (0x5)
[0319/055209.723:ERROR:process_reader_win.cc(151)] SuspendThread: Access is denied. (0x5)
[0319/055209.723:ERROR:process_reader_win.cc(151)] SuspendThread: Access is denied. (0x5)
[0319/055209.723:ERROR:process_reader_win.cc(151)] SuspendThread: Access is denied. (0x5)
[0319/055209.723:ERROR:process_reader_win.cc(151)] SuspendThread: Access is denied. (0x5)
[0319/055209.723:ERROR:process_reader_win.cc(151)] SuspendThread: Access is denied. (0x5)
[0319/055209.723:ERROR:process_reader_win.cc(151)] SuspendThread: Access is denied. (0x5)
[0319/055209.723:ERROR:process_reader_win.cc(151)] SuspendThread: Access is denied. (0x5)
[0319/055209.723:ERROR:process_reader_win.cc(151)] SuspendThread: Access is denied. (0x5)
[0319/055209.723:ERROR:process_reader_win.cc(151)] SuspendThread: Access is denied. (0x5)
[0319/055209.723:ERROR:process_reader_win.cc(151)] SuspendThread: Access is denied. (0x5)
[0319/055209.723:ERROR:process_reader_win.cc(151)] SuspendThread: Access is denied. (0x5)
[0319/055209.723:ERROR:process_reader_win.cc(151)] SuspendThread: Access is denied. (0x5)
[0319/055209.723:ERROR:process_reader_win.cc(123)] NtOpenThread: {Access Denied} A process has requested access to an object, but has not been granted those access rights. (0xc0000022)
[0319/055209.723:ERROR:exception_snapshot_win.cc(98)] thread ID 15964 not found in process
[0319/055209.738:ERROR:process_reader_win.cc(151)] SuspendThread: Access is denied. (0x5)
[0319/055209.738:ERROR:process_reader_win.cc(151)] SuspendThread: Access is denied. (0x5)
[0319/055209.738:ERROR:process_reader_win.cc(151)] SuspendThread: Access is denied. (0x5)
[0319/055209.738:ERROR:process_reader_win.cc(151)] SuspendThread: Access is denied. (0x5)
[0319/055209.738:ERROR:process_reader_win.cc(151)] SuspendThread: Access is denied. (0x5)
[0319/055209.738:ERROR:process_reader_win.cc(151)] SuspendThread: Access is denied. (0x5)
[0319/055209.738:ERROR:process_reader_win.cc(151)] SuspendThread: Access is denied. (0x5)
[0319/055209.738:ERROR:process_reader_win.cc(151)] SuspendThread: Access is denied. (0x5)
[0319/055209.738:ERROR:process_reader_win.cc(151)] SuspendThread: Access is denied. (0x5)
[0319/055209.738:ERROR:process_reader_win.cc(151)] SuspendThread: Access is denied. (0x5)
[0319/055209.738:ERROR:process_reader_win.cc(151)] SuspendThread: Access is denied. (0x5)
[0319/055209.738:ERROR:process_reader_win.cc(151)] SuspendThread: Access is denied. (0x5)
[0319/055209.738:ERROR:process_reader_win.cc(151)] SuspendThread: Access is denied. (0x5)
[0319/055209.738:ERROR:process_reader_win.cc(151)] SuspendThread: Access is denied. (0x5)
[0319/055209.738:ERROR:process_reader_win.cc(151)] SuspendThread: Access is denied. (0x5)
[0319/055209.738:ERROR:process_reader_win.cc(123)] NtOpenThread: {Access Denied} A process has requested access to an object, but has not been granted those access rights. (0xc0000022)
[0319/055209.738:ERROR:exception_snapshot_win.cc(98)] thread ID 17704 not found in process
[0319/055209.754:ERROR:process_reader_win.cc(151)] SuspendThread: Access is denied. (0x5)
[0319/055209.754:ERROR:process_reader_win.cc(151)] SuspendThread: Access is denied. (0x5)
[0319/055209.754:ERROR:process_reader_win.cc(151)] SuspendThread: Access is denied. (0x5)
[0319/055209.754:ERROR:process_reader_win.cc(151)] SuspendThread: Access is denied. (0x5)
[0319/055209.754:ERROR:process_reader_win.cc(151)] SuspendThread: Access is denied. (0x5)
[0319/055209.754:ERROR:process_reader_win.cc(151)] SuspendThread: Access is denied. (0x5)
[0319/055209.754:ERROR:process_reader_win.cc(151)] SuspendThread: Access is denied. (0x5)
[0319/055209.754:ERROR:process_reader_win.cc(151)] SuspendThread: Access is denied. (0x5)
[0319/055209.754:ERROR:process_reader_win.cc(151)] SuspendThread: Access is denied. (0x5)
[0319/055209.754:ERROR:process_reader_win.cc(151)] SuspendThread: Access is denied. (0x5)
[0319/055209.754:ERROR:process_reader_win.cc(151)] SuspendThread: Access is denied. (0x5)
[0319/055209.754:ERROR:process_reader_win.cc(151)] SuspendThread: Access is denied. (0x5)
[0319/055209.754:ERROR:process_reader_win.cc(151)] SuspendThread: Access is denied. (0x5)
[0319/055209.754:ERROR:process_reader_win.cc(151)] SuspendThread: Access is denied. (0x5)
[0319/055209.754:ERROR:process_reader_win.cc(151)] SuspendThread: Access is denied. (0x5)
[0319/055209.754:ERROR:process_reader_win.cc(151)] SuspendThread: Access is denied. (0x5)
[0319/055209.754:ERROR:process_reader_win.cc(151)] SuspendThread: Access is denied. (0x5)
[0319/055209.754:ERROR:process_reader_win.cc(123)] NtOpenThread: {Access Denied} A process has requested access to an object, but has not been granted those access rights. (0xc0000022)
[0319/055209.754:ERROR:exception_snapshot_win.cc(98)] thread ID 18436 not found in process
[0319/055209.769:ERROR:process_reader_win.cc(151)] SuspendThread: Access is denied. (0x5)
[0319/055209.769:ERROR:process_reader_win.cc(151)] SuspendThread: Access is denied. (0x5)
[0319/055209.769:ERROR:process_reader_win.cc(151)] SuspendThread: Access is denied. (0x5)
[0319/055209.769:ERROR:process_reader_win.cc(151)] SuspendThread: Access is denied. (0x5)
[0319/055209.769:ERROR:process_reader_win.cc(151)] SuspendThread: Access is denied. (0x5)
[0319/055209.769:ERROR:process_reader_win.cc(151)] SuspendThread: Access is denied. (0x5)
[0319/055209.769:ERROR:process_reader_win.cc(151)] SuspendThread: Access is denied. (0x5)
[0319/055209.769:ERROR:process_reader_win.cc(151)] SuspendThread: Access is denied. (0x5)
[0319/055209.769:ERROR:process_reader_win.cc(151)] SuspendThread: Access is denied. (0x5)
[0319/055209.769:ERROR:process_reader_win.cc(151)] SuspendThread: Access is denied. (0x5)
[0319/055209.769:ERROR:process_reader_win.cc(151)] SuspendThread: Access is denied. (0x5)
[0319/055209.769:ERROR:process_reader_win.cc(151)] SuspendThread: Access is denied. (0x5)
[0319/055209.769:ERROR:process_reader_win.cc(151)] SuspendThread: Access is denied. (0x5)
[0319/055209.769:ERROR:process_reader_win.cc(151)] SuspendThread: Access is denied. (0x5)
[0319/055209.769:ERROR:process_reader_win.cc(151)] SuspendThread: Access is denied. (0x5)
[0319/055209.769:ERROR:process_reader_win.cc(151)] SuspendThread: Access is denied. (0x5)
[0319/055209.769:ERROR:process_reader_win.cc(123)] NtOpenThread: {Access Denied} A process has requested access to an object, but has not been granted those access rights. (0xc0000022)
[0319/055209.769:ERROR:exception_snapshot_win.cc(98)] thread ID 17792 not found in process
[0328/000530.227:ERROR:crash_report_database_win.cc(469)] failed to stat report
[0328/000530.227:ERROR:crash_report_database_win.cc(469)] failed to stat report
[0328/000530.227:ERROR:crash_report_database_win.cc(469)] failed to stat report
[0328/000530.228:ERROR:crash_report_database_win.cc(469)] failed to stat report
[0328/000530.228:ERROR:crash_report_database_win.cc(469)] failed to stat report
[0328/000530.228:ERROR:crash_report_database_win.cc(469)] failed to stat report
[0328/000530.228:ERROR:crash_report_database_win.cc(469)] failed to stat report
[0328/000530.228:ERROR:crash_report_database_win.cc(469)] failed to stat report
[0328/000530.228:ERROR:crash_report_database_win.cc(469)] failed to stat report
[0328/000530.228:ERROR:crash_report_database_win.cc(469)] failed to stat report
[0328/000530.228:ERROR:crash_report_database_win.cc(469)] failed to stat report
[0328/000530.228:ERROR:crash_report_database_win.cc(469)] failed to stat report
[0328/000530.228:ERROR:crash_report_database_win.cc(469)] failed to stat report
[0328/000530.228:ERROR:crash_report_database_win.cc(469)] failed to stat report
[0328/000530.228:ERROR:crash_report_database_win.cc(469)] failed to stat report
[0328/000530.228:ERROR:crash_report_database_win.cc(469)] failed to stat report
[0328/000530.228:ERROR:crash_report_database_win.cc(469)] failed to stat report
[0328/000530.228:ERROR:crash_report_database_win.cc(469)] failed to stat report
[0328/000530.228:ERROR:crash_report_database_win.cc(469)] failed to stat report
[0328/000530.228:ERROR:crash_report_database_win.cc(469)] failed to stat report
[0328/000530.228:ERROR:crash_report_database_win.cc(469)] failed to stat report
[0328/000530.228:ERROR:crash_report_database_win.cc(469)] failed to stat report
[0328/000530.228:ERROR:crash_report_database_win.cc(469)] failed to stat report
[0328/000530.228:ERROR:crash_report_database_win.cc(469)] failed to stat report
[0328/000532.011:ERROR:crash_report_database_win.cc(469)] failed to stat report
[0328/000532.012:ERROR:crash_report_database_win.cc(469)] failed to stat report
[0328/000532.012:ERROR:crash_report_database_win.cc(469)] failed to stat report
[0328/000532.012:ERROR:crash_report_database_win.cc(469)] failed to stat report
[0328/000532.012:ERROR:crash_report_database_win.cc(469)] failed to stat report
[0328/000532.012:ERROR:crash_report_database_win.cc(469)] failed to stat report
[0328/000532.012:ERROR:crash_report_database_win.cc(469)] failed to stat report
[0328/000532.012:ERROR:crash_report_database_win.cc(469)] failed to stat report
[0328/000532.012:ERROR:crash_report_database_win.cc(469)] failed to stat report
[0328/000532.012:ERROR:crash_report_database_win.cc(469)] failed to stat report
[0328/000532.012:ERROR:crash_report_database_win.cc(469)] failed to stat report
[0328/000532.012:ERROR:crash_report_database_win.cc(469)] failed to stat report
[0328/000532.012:ERROR:crash_report_database_win.cc(469)] failed to stat report
[0328/000532.012:ERROR:crash_report_database_win.cc(469)] failed to stat report
[0328/000532.012:ERROR:crash_report_database_win.cc(469)] failed to stat report
[0328/000532.012:ERROR:crash_report_database_win.cc(469)] failed to stat report
[0328/000532.012:ERROR:crash_report_database_win.cc(469)] failed to stat report
[0328/000532.012:ERROR:crash_report_database_win.cc(469)] failed to stat report
[0328/000532.012:ERROR:crash_report_database_win.cc(469)] failed to stat report
[0328/000532.012:ERROR:crash_report_database_win.cc(469)] failed to stat report
[0328/000532.012:ERROR:crash_report_database_win.cc(469)] failed to stat report
[0328/000532.012:ERROR:crash_report_database_win.cc(469)] failed to stat report
[0328/000532.013:ERROR:crash_report_database_win.cc(469)] failed to stat report
[0328/000532.013:ERROR:crash_report_database_win.cc(469)] failed to stat report
[0328/000534.228:ERROR:crash_report_database_win.cc(469)] failed to stat report
[0328/000534.231:ERROR:crash_report_database_win.cc(469)] failed to stat report
[0328/000534.231:ERROR:crash_report_database_win.cc(469)] failed to stat report
[0328/000534.231:ERROR:crash_report_database_win.cc(469)] failed to stat report
[0328/000534.231:ERROR:crash_report_database_win.cc(469)] failed to stat report
[0328/000534.231:ERROR:crash_report_database_win.cc(469)] failed to stat report
[0328/000534.231:ERROR:crash_report_database_win.cc(469)] failed to stat report
[0328/000534.231:ERROR:crash_report_database_win.cc(469)] failed to stat report
[0328/000534.231:ERROR:crash_report_database_win.cc(469)] failed to stat report
[0328/000534.231:ERROR:crash_report_database_win.cc(469)] failed to stat report
[0328/000534.231:ERROR:crash_report_database_win.cc(469)] failed to stat report
[0328/000534.231:ERROR:crash_report_database_win.cc(469)] failed to stat report
[0328/000534.231:ERROR:crash_report_database_win.cc(469)] failed to stat report
[0328/000534.231:ERROR:crash_report_database_win.cc(469)] failed to stat report
[0328/000534.231:ERROR:crash_report_database_win.cc(469)] failed to stat report
[0328/000534.231:ERROR:crash_report_database_win.cc(469)] failed to stat report
[0328/000534.231:ERROR:crash_report_database_win.cc(469)] failed to stat report
[0328/000534.231:ERROR:crash_report_database_win.cc(469)] failed to stat report
[0328/000534.231:ERROR:crash_report_database_win.cc(469)] failed to stat report
[0328/000534.231:ERROR:crash_report_database_win.cc(469)] failed to stat report
[0328/000534.231:ERROR:crash_report_database_win.cc(469)] failed to stat report
[0328/000534.231:ERROR:crash_report_database_win.cc(469)] failed to stat report
[0328/000534.231:ERROR:crash_report_database_win.cc(469)] failed to stat report
[0328/000534.231:ERROR:crash_report_database_win.cc(469)] failed to stat report
[0328/001308.565:ERROR:crash_report_database_win.cc(469)] failed to stat report
[0328/001308.565:ERROR:crash_report_database_win.cc(469)] failed to stat report
[0328/001308.565:ERROR:crash_report_database_win.cc(469)] failed to stat report
[0328/001308.566:ERROR:crash_report_database_win.cc(469)] failed to stat report
[0328/001308.566:ERROR:crash_report_database_win.cc(469)] failed to stat report
[0328/001308.566:ERROR:crash_report_database_win.cc(469)] failed to stat report
[0328/001308.566:ERROR:crash_report_database_win.cc(469)] failed to stat report
[0328/001308.566:ERROR:crash_report_database_win.cc(469)] failed to stat report
[0328/001308.566:ERROR:crash_report_database_win.cc(469)] failed to stat report
[0328/001308.566:ERROR:crash_report_database_win.cc(469)] failed to stat report
[0328/001308.566:ERROR:crash_report_database_win.cc(469)] failed to stat report
[0328/001308.566:ERROR:crash_report_database_win.cc(469)] failed to stat report
[0328/001308.566:ERROR:crash_report_database_win.cc(469)] failed to stat report
[0328/001308.566:ERROR:crash_report_database_win.cc(469)] failed to stat report
[0328/001308.566:ERROR:crash_report_database_win.cc(469)] failed to stat report
[0328/001308.566:ERROR:crash_report_database_win.cc(469)] failed to stat report
[0328/001308.566:ERROR:crash_report_database_win.cc(469)] failed to stat report
[0328/001308.566:ERROR:crash_report_database_win.cc(469)] failed to stat report
[0328/001308.566:ERROR:crash_report_database_win.cc(469)] failed to stat report
[0328/001308.566:ERROR:crash_report_database_win.cc(469)] failed to stat report
[0328/001308.566:ERROR:crash_report_database_win.cc(469)] failed to stat report
[0328/001308.566:ERROR:crash_report_database_win.cc(469)] failed to stat report
[0328/001308.566:ERROR:crash_report_database_win.cc(469)] failed to stat report
[0328/001308.566:ERROR:crash_report_database_win.cc(469)] failed to stat report
[0328/025037.561:ERROR:crash_report_database_win.cc(469)] failed to stat report
[0328/025037.561:ERROR:crash_report_database_win.cc(469)] failed to stat report
[0328/025037.561:ERROR:crash_report_database_win.cc(469)] failed to stat report
[0328/025037.561:ERROR:crash_report_database_win.cc(469)] failed to stat report
[0328/025037.561:ERROR:crash_report_database_win.cc(469)] failed to stat report
[0328/025037.561:ERROR:crash_report_database_win.cc(469)] failed to stat report
[0328/025037.561:ERROR:crash_report_database_win.cc(469)] failed to stat report
[0328/025037.561:ERROR:crash_report_database_win.cc(469)] failed to stat report
[0328/025037.562:ERROR:crash_report_database_win.cc(469)] failed to stat report
[0328/025037.562:ERROR:crash_report_database_win.cc(469)] failed to stat report
[0328/025037.562:ERROR:crash_report_database_win.cc(469)] failed to stat report
[0328/025037.562:ERROR:crash_report_database_win.cc(469)] failed to stat report
[0328/025037.562:ERROR:crash_report_database_win.cc(469)] failed to stat report
[0328/025037.562:ERROR:crash_report_database_win.cc(469)] failed to stat report
[0328/025037.562:ERROR:crash_report_database_win.cc(469)] failed to stat report
[0328/025037.562:ERROR:crash_report_database_win.cc(469)] failed to stat report
[0328/025037.562:ERROR:crash_report_database_win.cc(469)] failed to stat report
[0328/025037.562:ERROR:crash_report_database_win.cc(469)] failed to stat report
[0328/025037.562:ERROR:crash_report_database_win.cc(469)] failed to stat report
[0328/025037.562:ERROR:crash_report_database_win.cc(469)] failed to stat report
[0328/025037.562:ERROR:crash_report_database_win.cc(469)] failed to stat report
[0328/025037.562:ERROR:crash_report_database_win.cc(469)] failed to stat report
[0328/025037.562:ERROR:crash_report_database_win.cc(469)] failed to stat report
[0328/025037.562:ERROR:crash_report_database_win.cc(469)] failed to stat report
[0328/025406.368:ERROR:crash_report_database_win.cc(469)] failed to stat report
[0328/025406.368:ERROR:crash_report_database_win.cc(469)] failed to stat report
[0328/025406.368:ERROR:crash_report_database_win.cc(469)] failed to stat report
[0328/025406.368:ERROR:crash_report_database_win.cc(469)] failed to stat report
[0328/025406.368:ERROR:crash_report_database_win.cc(469)] failed to stat report
[0328/025406.368:ERROR:crash_report_database_win.cc(469)] failed to stat report
[0328/025406.368:ERROR:crash_report_database_win.cc(469)] failed to stat report
[0328/025406.368:ERROR:crash_report_database_win.cc(469)] failed to stat report
[0328/025406.368:ERROR:crash_report_database_win.cc(469)] failed to stat report
[0328/025406.368:ERROR:crash_report_database_win.cc(469)] failed to stat report
[0328/025406.368:ERROR:crash_report_database_win.cc(469)] failed to stat report
[0328/025406.368:ERROR:crash_report_database_win.cc(469)] failed to stat report
[0328/025406.368:ERROR:crash_report_database_win.cc(469)] failed to stat report
[0328/025406.368:ERROR:crash_report_database_win.cc(469)] failed to stat report
[0328/025406.368:ERROR:crash_report_database_win.cc(469)] failed to stat report
[0328/025406.369:ERROR:crash_report_database_win.cc(469)] failed to stat report
[0328/025406.369:ERROR:crash_report_database_win.cc(469)] failed to stat report
[0328/025406.369:ERROR:crash_report_database_win.cc(469)] failed to stat report
[0328/025406.369:ERROR:crash_report_database_win.cc(469)] failed to stat report
[0328/025406.369:ERROR:crash_report_database_win.cc(469)] failed to stat report
[0328/025406.369:ERROR:crash_report_database_win.cc(469)] failed to stat report
[0328/025406.369:ERROR:crash_report_database_win.cc(469)] failed to stat report
[0328/025406.369:ERROR:crash_report_database_win.cc(469)] failed to stat report
[0328/025406.369:ERROR:crash_report_database_win.cc(469)] failed to stat report
[0328/025408.773:ERROR:crash_report_database_win.cc(469)] failed to stat report
[0328/025408.773:ERROR:crash_report_database_win.cc(469)] failed to stat report
[0328/025408.774:ERROR:crash_report_database_win.cc(469)] failed to stat report
[0328/025408.774:ERROR:crash_report_database_win.cc(469)] failed to stat report
[0328/025408.774:ERROR:crash_report_database_win.cc(469)] failed to stat report
[0328/025408.774:ERROR:crash_report_database_win.cc(469)] failed to stat report
[0328/025408.774:ERROR:crash_report_database_win.cc(469)] failed to stat report
[0328/025408.774:ERROR:crash_report_database_win.cc(469)] failed to stat report
[0328/025408.774:ERROR:crash_report_database_win.cc(469)] failed to stat report
[0328/025408.774:ERROR:crash_report_database_win.cc(469)] failed to stat report
[0328/025408.774:ERROR:crash_report_database_win.cc(469)] failed to stat report
[0328/025408.774:ERROR:crash_report_database_win.cc(469)] failed to stat report
[0328/025408.774:ERROR:crash_report_database_win.cc(469)] failed to stat report
[0328/025408.774:ERROR:crash_report_database_win.cc(469)] failed to stat report
[0328/025408.774:ERROR:crash_report_database_win.cc(469)] failed to stat report
[0328/025408.774:ERROR:crash_report_database_win.cc(469)] failed to stat report
[0328/025408.774:ERROR:crash_report_database_win.cc(469)] failed to stat report
[0328/025408.774:ERROR:crash_report_database_win.cc(469)] failed to stat report
[0328/025408.774:ERROR:crash_report_database_win.cc(469)] failed to stat report
[0328/025408.775:ERROR:crash_report_database_win.cc(469)] failed to stat report
[0328/025408.775:ERROR:crash_report_database_win.cc(469)] failed to stat report
[0328/025408.775:ERROR:crash_report_database_win.cc(469)] failed to stat report
[0328/025408.775:ERROR:crash_report_database_win.cc(469)] failed to stat report
[0328/025408.775:ERROR:crash_report_database_win.cc(469)] failed to stat report
[0328/025429.575:ERROR:crash_report_database_win.cc(469)] failed to stat report
[0328/025429.575:ERROR:crash_report_database_win.cc(469)] failed to stat report
[0328/025429.576:ERROR:crash_report_database_win.cc(469)] failed to stat report
[0328/025429.576:ERROR:crash_report_database_win.cc(469)] failed to stat report
[0328/025429.576:ERROR:crash_report_database_win.cc(469)] failed to stat report
[0328/025429.576:ERROR:crash_report_database_win.cc(469)] failed to stat report
[0328/025429.576:ERROR:crash_report_database_win.cc(469)] failed to stat report
[0328/025429.576:ERROR:crash_report_database_win.cc(469)] failed to stat report
[0328/025429.576:ERROR:crash_report_database_win.cc(469)] failed to stat report
[0328/025429.576:ERROR:crash_report_database_win.cc(469)] failed to stat report
[0328/025429.576:ERROR:crash_report_database_win.cc(469)] failed to stat report
[0328/025429.576:ERROR:crash_report_database_win.cc(469)] failed to stat report
[0328/025429.576:ERROR:crash_report_database_win.cc(469)] failed to stat report
[0328/025429.576:ERROR:crash_report_database_win.cc(469)] failed to stat report
[0328/025429.576:ERROR:crash_report_database_win.cc(469)] failed to stat report
[0328/025429.576:ERROR:crash_report_database_win.cc(469)] failed to stat report
[0328/025429.576:ERROR:crash_report_database_win.cc(469)] failed to stat report
[0328/025429.576:ERROR:crash_report_database_win.cc(469)] failed to stat report
[0328/025429.576:ERROR:crash_report_database_win.cc(469)] failed to stat report
[0328/025429.576:ERROR:crash_report_database_win.cc(469)] failed to stat report
[0328/025429.576:ERROR:crash_report_database_win.cc(469)] failed to stat report
[0328/025429.576:ERROR:crash_report_database_win.cc(469)] failed to stat report
[0328/025429.576:ERROR:crash_report_database_win.cc(469)] failed to stat report
[0328/025429.576:ERROR:crash_report_database_win.cc(469)] failed to stat report
[0328/025441.857:ERROR:crash_report_database_win.cc(469)] failed to stat report
[0328/025441.857:ERROR:crash_report_database_win.cc(469)] failed to stat report
[0328/025441.857:ERROR:crash_report_database_win.cc(469)] failed to stat report
[0328/025441.857:ERROR:crash_report_database_win.cc(469)] failed to stat report
[0328/025441.857:ERROR:crash_report_database_win.cc(469)] failed to stat report
[0328/025441.857:ERROR:crash_report_database_win.cc(469)] failed to stat report
[0328/025441.858:ERROR:crash_report_database_win.cc(469)] failed to stat report
[0328/025441.858:ERROR:crash_report_database_win.cc(469)] failed to stat report
[0328/025441.858:ERROR:crash_report_database_win.cc(469)] failed to stat report
[0328/025441.858:ERROR:crash_report_database_win.cc(469)] failed to stat report
[0328/025441.858:ERROR:crash_report_database_win.cc(469)] failed to stat report
[0328/025441.858:ERROR:crash_report_database_win.cc(469)] failed to stat report
[0328/025441.858:ERROR:crash_report_database_win.cc(469)] failed to stat report
[0328/025441.858:ERROR:crash_report_database_win.cc(469)] failed to stat report
[0328/025441.858:ERROR:crash_report_database_win.cc(469)] failed to stat report
[0328/025441.858:ERROR:crash_report_database_win.cc(469)] failed to stat report
[0328/025441.858:ERROR:crash_report_database_win.cc(469)] failed to stat report
[0328/025441.858:ERROR:crash_report_database_win.cc(469)] failed to stat report
[0328/025441.858:ERROR:crash_report_database_win.cc(469)] failed to stat report
[0328/025441.858:ERROR:crash_report_database_win.cc(469)] failed to stat report
[0328/025441.858:ERROR:crash_report_database_win.cc(469)] failed to stat report
[0328/025441.858:ERROR:crash_report_database_win.cc(469)] failed to stat report
[0328/025441.858:ERROR:crash_report_database_win.cc(469)] failed to stat report
[0328/025441.858:ERROR:crash_report_database_win.cc(469)] failed to stat report
